[2023-02-14 17:15:46,828] INFO Starting the log cleaner (kafka.log.LogCleaner)
[2023-02-14 17:15:46,875] INFO [kafka-log-cleaner-thread-0]: Starting (kafka.log.LogCleaner)
[2023-02-14 17:18:40,729] INFO Starting the log cleaner (kafka.log.LogCleaner)
[2023-02-14 17:18:40,774] INFO [kafka-log-cleaner-thread-0]: Starting (kafka.log.LogCleaner)
[2023-02-14 17:19:29,520] INFO Starting the log cleaner (kafka.log.LogCleaner)
[2023-02-14 17:19:29,568] INFO [kafka-log-cleaner-thread-0]: Starting (kafka.log.LogCleaner)
[2023-02-14 20:33:56,931] INFO Starting the log cleaner (kafka.log.LogCleaner)
[2023-02-14 20:33:56,971] INFO [kafka-log-cleaner-thread-0]: Starting (kafka.log.LogCleaner)
[2023-02-14 20:34:03,514] INFO Starting the log cleaner (kafka.log.LogCleaner)
[2023-02-14 20:34:03,549] INFO [kafka-log-cleaner-thread-0]: Starting (kafka.log.LogCleaner)
[2023-02-14 20:34:09,052] INFO Starting the log cleaner (kafka.log.LogCleaner)
[2023-02-14 20:34:09,089] INFO [kafka-log-cleaner-thread-0]: Starting (kafka.log.LogCleaner)
[2023-02-16 17:51:34,215] INFO Starting the log cleaner (kafka.log.LogCleaner)
[2023-02-16 17:51:34,255] INFO [kafka-log-cleaner-thread-0]: Starting (kafka.log.LogCleaner)
[2023-02-16 17:51:43,067] INFO Starting the log cleaner (kafka.log.LogCleaner)
[2023-02-16 17:51:43,104] INFO [kafka-log-cleaner-thread-0]: Starting (kafka.log.LogCleaner)
[2023-02-16 17:51:52,357] INFO Starting the log cleaner (kafka.log.LogCleaner)
[2023-02-16 17:51:52,396] INFO [kafka-log-cleaner-thread-0]: Starting (kafka.log.LogCleaner)
[2023-02-16 20:56:43,870] INFO Cleaner 0: Beginning cleaning of log __consumer_offsets-0 (kafka.log.LogCleaner)
[2023-02-16 20:56:43,873] INFO Cleaner 0: Building offset map for __consumer_offsets-0... (kafka.log.LogCleaner)
[2023-02-16 20:56:43,923] INFO Cleaner 0: Building offset map for log __consumer_offsets-0 for 1 segments in offset range [0, 1163288). (kafka.log.LogCleaner)
[2023-02-16 20:56:44,287] INFO Cleaner 0: Offset map for log __consumer_offsets-0 complete. (kafka.log.LogCleaner)
[2023-02-16 20:56:44,288] INFO Cleaner 0: Cleaning log __consumer_offsets-0 (cleaning prior to Thu Feb 16 20:56:37 EST 2023, discarding tombstones prior to upper bound deletion horizon Wed Dec 31 19:00:00 EST 1969)... (kafka.log.LogCleaner)
[2023-02-16 20:56:44,294] INFO Cleaner 0: Cleaning LogSegment(baseOffset=0, size=104857562, lastModifiedTime=1676598997016, largestRecordTimestamp=Some(1676598997016)) in log __consumer_offsets-0 into 0 with an upper bound deletion horizon 0 computed from the segment last modified time of 1676598997016,retaining deletes. (kafka.log.LogCleaner)
[2023-02-16 20:56:44,617] INFO Cleaner 0: Swapping in cleaned segment LogSegment(baseOffset=0, size=642, lastModifiedTime=1676598997016, largestRecordTimestamp=Some(1676598997016)) for segment(s) List(LogSegment(baseOffset=0, size=104857562, lastModifiedTime=1676598997016, largestRecordTimestamp=Some(1676598997016))) in log Log(dir=C:\tmp\kafka-logs3\__consumer_offsets-0, topicId=q2Ilz05dR6qgB0d46xMGWA, topic=__consumer_offsets, partition=0, highWatermark=1164112, lastStableOffset=1164112, logStartOffset=0, logEndOffset=1164112) (kafka.log.LogCleaner)
[2023-02-16 20:56:44,633] INFO Cleaner 0: Beginning cleaning of log __consumer_offsets-0 (kafka.log.LogCleaner)
[2023-02-16 20:56:44,633] INFO Cleaner 0: Building offset map for __consumer_offsets-0... (kafka.log.LogCleaner)
[2023-02-16 21:18:27,705] INFO Starting the log cleaner (kafka.log.LogCleaner)
[2023-02-16 21:18:27,748] INFO [kafka-log-cleaner-thread-0]: Starting (kafka.log.LogCleaner)
[2023-02-16 21:18:28,202] INFO Shutting down the log cleaner. (kafka.log.LogCleaner)
[2023-02-16 21:18:28,203] INFO [kafka-log-cleaner-thread-0]: Shutting down (kafka.log.LogCleaner)
[2023-02-16 21:18:28,203] INFO [kafka-log-cleaner-thread-0]: Stopped (kafka.log.LogCleaner)
[2023-02-16 21:18:28,203] INFO [kafka-log-cleaner-thread-0]: Shutdown completed (kafka.log.LogCleaner)
[2023-02-16 21:18:33,565] INFO Starting the log cleaner (kafka.log.LogCleaner)
[2023-02-16 21:18:33,603] INFO [kafka-log-cleaner-thread-0]: Starting (kafka.log.LogCleaner)
[2023-02-16 21:18:40,277] INFO Starting the log cleaner (kafka.log.LogCleaner)
[2023-02-16 21:18:40,313] INFO [kafka-log-cleaner-thread-0]: Starting (kafka.log.LogCleaner)
[2023-02-16 21:18:55,338] INFO Cleaner 0: Beginning cleaning of log __consumer_offsets-0 (kafka.log.LogCleaner)
[2023-02-16 21:18:55,339] INFO Cleaner 0: Building offset map for __consumer_offsets-0... (kafka.log.LogCleaner)
[2023-02-16 21:18:55,359] INFO Cleaner 0: Building offset map for log __consumer_offsets-0 for 1 segments in offset range [0, 1163288). (kafka.log.LogCleaner)
[2023-02-16 21:18:55,717] INFO Cleaner 0: Offset map for log __consumer_offsets-0 complete. (kafka.log.LogCleaner)
[2023-02-16 21:18:55,717] INFO Cleaner 0: Cleaning log __consumer_offsets-0 (cleaning prior to Thu Feb 16 20:56:37 EST 2023, discarding tombstones prior to upper bound deletion horizon Wed Dec 31 19:00:00 EST 1969)... (kafka.log.LogCleaner)
[2023-02-16 21:18:55,726] INFO Cleaner 0: Cleaning LogSegment(baseOffset=0, size=104857562, lastModifiedTime=1676598997016, largestRecordTimestamp=Some(1676598997016)) in log __consumer_offsets-0 into 0 with an upper bound deletion horizon 0 computed from the segment last modified time of 1676598997016,retaining deletes. (kafka.log.LogCleaner)
[2023-02-16 21:18:56,088] INFO Cleaner 0: Swapping in cleaned segment LogSegment(baseOffset=0, size=642, lastModifiedTime=1676598997016, largestRecordTimestamp=Some(1676598997016)) for segment(s) List(LogSegment(baseOffset=0, size=104857562, lastModifiedTime=1676598997016, largestRecordTimestamp=Some(1676598997016))) in log Log(dir=C:\tmp\kafka-logs3\__consumer_offsets-0, topicId=q2Ilz05dR6qgB0d46xMGWA, topic=__consumer_offsets, partition=0, highWatermark=1164112, lastStableOffset=1164112, logStartOffset=0, logEndOffset=1164112) (kafka.log.LogCleaner)
[2023-02-16 21:18:56,103] INFO Cleaner 0: Beginning cleaning of log __consumer_offsets-0 (kafka.log.LogCleaner)
[2023-02-16 21:18:56,103] INFO Cleaner 0: Building offset map for __consumer_offsets-0... (kafka.log.LogCleaner)
[2023-02-16 21:26:48,398] INFO Starting the log cleaner (kafka.log.LogCleaner)
[2023-02-16 21:26:48,423] INFO [kafka-log-cleaner-thread-0]: Starting (kafka.log.LogCleaner)
[2023-02-16 21:27:35,779] INFO Starting the log cleaner (kafka.log.LogCleaner)
[2023-02-16 21:27:35,815] INFO [kafka-log-cleaner-thread-0]: Starting (kafka.log.LogCleaner)
[2023-02-16 21:28:13,821] INFO Starting the log cleaner (kafka.log.LogCleaner)
[2023-02-16 21:28:13,859] INFO [kafka-log-cleaner-thread-0]: Starting (kafka.log.LogCleaner)
[2023-02-16 21:28:28,898] INFO Cleaner 0: Beginning cleaning of log __consumer_offsets-0 (kafka.log.LogCleaner)
[2023-02-16 21:28:28,898] INFO Cleaner 0: Building offset map for __consumer_offsets-0... (kafka.log.LogCleaner)
[2023-02-16 21:28:28,920] INFO Cleaner 0: Building offset map for log __consumer_offsets-0 for 1 segments in offset range [0, 1163288). (kafka.log.LogCleaner)
[2023-02-16 21:28:29,384] INFO Cleaner 0: Offset map for log __consumer_offsets-0 complete. (kafka.log.LogCleaner)
[2023-02-16 21:28:29,384] INFO Cleaner 0: Cleaning log __consumer_offsets-0 (cleaning prior to Thu Feb 16 20:56:37 EST 2023, discarding tombstones prior to upper bound deletion horizon Wed Dec 31 19:00:00 EST 1969)... (kafka.log.LogCleaner)
[2023-02-16 21:28:29,389] INFO Cleaner 0: Cleaning LogSegment(baseOffset=0, size=104857562, lastModifiedTime=1676598997016, largestRecordTimestamp=Some(1676598997016)) in log __consumer_offsets-0 into 0 with an upper bound deletion horizon 0 computed from the segment last modified time of 1676598997016,retaining deletes. (kafka.log.LogCleaner)
[2023-02-16 21:28:29,748] INFO Cleaner 0: Swapping in cleaned segment LogSegment(baseOffset=0, size=642, lastModifiedTime=1676598997016, largestRecordTimestamp=Some(1676598997016)) for segment(s) List(LogSegment(baseOffset=0, size=104857562, lastModifiedTime=1676598997016, largestRecordTimestamp=Some(1676598997016))) in log Log(dir=C:\tmp\kafka-logs3\__consumer_offsets-0, topicId=q2Ilz05dR6qgB0d46xMGWA, topic=__consumer_offsets, partition=0, highWatermark=1164112, lastStableOffset=1164112, logStartOffset=0, logEndOffset=1164112) (kafka.log.LogCleaner)
[2023-02-16 21:28:29,763] INFO Cleaner 0: Beginning cleaning of log __consumer_offsets-0 (kafka.log.LogCleaner)
[2023-02-16 21:28:29,763] INFO Cleaner 0: Building offset map for __consumer_offsets-0... (kafka.log.LogCleaner)
[2023-02-16 21:32:54,888] INFO Starting the log cleaner (kafka.log.LogCleaner)
[2023-02-16 21:32:54,925] INFO [kafka-log-cleaner-thread-0]: Starting (kafka.log.LogCleaner)
[2023-02-16 21:33:09,957] INFO Cleaner 0: Beginning cleaning of log __consumer_offsets-0 (kafka.log.LogCleaner)
[2023-02-16 21:33:09,957] INFO Cleaner 0: Building offset map for __consumer_offsets-0... (kafka.log.LogCleaner)
[2023-02-16 21:33:09,977] INFO Cleaner 0: Building offset map for log __consumer_offsets-0 for 1 segments in offset range [0, 1163288). (kafka.log.LogCleaner)
[2023-02-16 21:33:10,303] INFO Cleaner 0: Offset map for log __consumer_offsets-0 complete. (kafka.log.LogCleaner)
[2023-02-16 21:33:10,304] INFO Cleaner 0: Cleaning log __consumer_offsets-0 (cleaning prior to Thu Feb 16 20:56:37 EST 2023, discarding tombstones prior to upper bound deletion horizon Wed Dec 31 19:00:00 EST 1969)... (kafka.log.LogCleaner)
[2023-02-16 21:33:10,308] INFO Cleaner 0: Cleaning LogSegment(baseOffset=0, size=104857562, lastModifiedTime=1676598997016, largestRecordTimestamp=Some(1676598997016)) in log __consumer_offsets-0 into 0 with an upper bound deletion horizon 0 computed from the segment last modified time of 1676598997016,retaining deletes. (kafka.log.LogCleaner)
[2023-02-16 21:33:10,598] INFO Cleaner 0: Swapping in cleaned segment LogSegment(baseOffset=0, size=642, lastModifiedTime=1676598997016, largestRecordTimestamp=Some(1676598997016)) for segment(s) List(LogSegment(baseOffset=0, size=104857562, lastModifiedTime=1676598997016, largestRecordTimestamp=Some(1676598997016))) in log Log(dir=C:\tmp\kafka-logs3\__consumer_offsets-0, topicId=q2Ilz05dR6qgB0d46xMGWA, topic=__consumer_offsets, partition=0, highWatermark=1164112, lastStableOffset=1164112, logStartOffset=0, logEndOffset=1164112) (kafka.log.LogCleaner)
[2023-02-16 21:33:10,610] INFO Cleaner 0: Beginning cleaning of log __consumer_offsets-0 (kafka.log.LogCleaner)
[2023-02-16 21:33:10,610] INFO Cleaner 0: Building offset map for __consumer_offsets-0... (kafka.log.LogCleaner)
[2023-02-16 21:36:58,224] INFO Starting the log cleaner (kafka.log.LogCleaner)
[2023-02-16 21:36:58,260] INFO [kafka-log-cleaner-thread-0]: Starting (kafka.log.LogCleaner)
[2023-02-16 21:37:13,284] INFO Cleaner 0: Beginning cleaning of log __consumer_offsets-0 (kafka.log.LogCleaner)
[2023-02-16 21:37:13,284] INFO Cleaner 0: Building offset map for __consumer_offsets-0... (kafka.log.LogCleaner)
[2023-02-16 21:37:13,299] INFO Cleaner 0: Building offset map for log __consumer_offsets-0 for 1 segments in offset range [0, 1163288). (kafka.log.LogCleaner)
[2023-02-16 21:37:13,670] INFO Cleaner 0: Offset map for log __consumer_offsets-0 complete. (kafka.log.LogCleaner)
[2023-02-16 21:37:13,670] INFO Cleaner 0: Cleaning log __consumer_offsets-0 (cleaning prior to Thu Feb 16 20:56:37 EST 2023, discarding tombstones prior to upper bound deletion horizon Wed Dec 31 19:00:00 EST 1969)... (kafka.log.LogCleaner)
[2023-02-16 21:37:13,678] INFO Cleaner 0: Cleaning LogSegment(baseOffset=0, size=104857562, lastModifiedTime=1676598997016, largestRecordTimestamp=Some(1676598997016)) in log __consumer_offsets-0 into 0 with an upper bound deletion horizon 0 computed from the segment last modified time of 1676598997016,retaining deletes. (kafka.log.LogCleaner)
[2023-02-16 21:37:13,986] INFO Cleaner 0: Swapping in cleaned segment LogSegment(baseOffset=0, size=642, lastModifiedTime=1676598997016, largestRecordTimestamp=Some(1676598997016)) for segment(s) List(LogSegment(baseOffset=0, size=104857562, lastModifiedTime=1676598997016, largestRecordTimestamp=Some(1676598997016))) in log Log(dir=C:\tmp\kafka-logs3\__consumer_offsets-0, topicId=q2Ilz05dR6qgB0d46xMGWA, topic=__consumer_offsets, partition=0, highWatermark=1164112, lastStableOffset=1164112, logStartOffset=0, logEndOffset=1164112) (kafka.log.LogCleaner)
[2023-02-16 21:37:14,000] INFO Cleaner 0: Beginning cleaning of log __consumer_offsets-0 (kafka.log.LogCleaner)
[2023-02-16 21:37:14,000] INFO Cleaner 0: Building offset map for __consumer_offsets-0... (kafka.log.LogCleaner)
[2023-02-16 21:41:41,411] INFO Starting the log cleaner (kafka.log.LogCleaner)
[2023-02-16 21:41:41,449] INFO [kafka-log-cleaner-thread-0]: Starting (kafka.log.LogCleaner)
[2023-02-16 21:41:56,480] INFO Cleaner 0: Beginning cleaning of log __consumer_offsets-0 (kafka.log.LogCleaner)
[2023-02-16 21:41:56,481] INFO Cleaner 0: Building offset map for __consumer_offsets-0... (kafka.log.LogCleaner)
[2023-02-16 21:41:56,502] INFO Cleaner 0: Building offset map for log __consumer_offsets-0 for 1 segments in offset range [0, 1163288). (kafka.log.LogCleaner)
[2023-02-16 21:41:56,843] INFO Cleaner 0: Offset map for log __consumer_offsets-0 complete. (kafka.log.LogCleaner)
[2023-02-16 21:41:56,843] INFO Cleaner 0: Cleaning log __consumer_offsets-0 (cleaning prior to Thu Feb 16 20:56:37 EST 2023, discarding tombstones prior to upper bound deletion horizon Wed Dec 31 19:00:00 EST 1969)... (kafka.log.LogCleaner)
[2023-02-16 21:41:56,852] INFO Cleaner 0: Cleaning LogSegment(baseOffset=0, size=104857562, lastModifiedTime=1676598997016, largestRecordTimestamp=Some(1676598997016)) in log __consumer_offsets-0 into 0 with an upper bound deletion horizon 0 computed from the segment last modified time of 1676598997016,retaining deletes. (kafka.log.LogCleaner)
[2023-02-16 21:41:57,152] INFO Cleaner 0: Swapping in cleaned segment LogSegment(baseOffset=0, size=642, lastModifiedTime=1676598997016, largestRecordTimestamp=Some(1676598997016)) for segment(s) List(LogSegment(baseOffset=0, size=104857562, lastModifiedTime=1676598997016, largestRecordTimestamp=Some(1676598997016))) in log Log(dir=C:\tmp\kafka-logs3\__consumer_offsets-0, topicId=q2Ilz05dR6qgB0d46xMGWA, topic=__consumer_offsets, partition=0, highWatermark=1164112, lastStableOffset=1164112, logStartOffset=0, logEndOffset=1164112) (kafka.log.LogCleaner)
[2023-02-16 21:41:57,165] INFO Cleaner 0: Beginning cleaning of log __consumer_offsets-0 (kafka.log.LogCleaner)
[2023-02-16 21:41:57,165] INFO Cleaner 0: Building offset map for __consumer_offsets-0... (kafka.log.LogCleaner)
[2023-02-16 21:46:21,508] INFO Starting the log cleaner (kafka.log.LogCleaner)
[2023-02-16 21:46:21,542] INFO [kafka-log-cleaner-thread-0]: Starting (kafka.log.LogCleaner)
[2023-02-16 21:46:36,574] INFO Cleaner 0: Beginning cleaning of log __consumer_offsets-0 (kafka.log.LogCleaner)
[2023-02-16 21:46:36,574] INFO Cleaner 0: Building offset map for __consumer_offsets-0... (kafka.log.LogCleaner)
[2023-02-16 21:46:36,597] INFO Cleaner 0: Building offset map for log __consumer_offsets-0 for 1 segments in offset range [0, 1163288). (kafka.log.LogCleaner)
[2023-02-16 21:46:36,940] INFO Cleaner 0: Offset map for log __consumer_offsets-0 complete. (kafka.log.LogCleaner)
[2023-02-16 21:46:36,940] INFO Cleaner 0: Cleaning log __consumer_offsets-0 (cleaning prior to Thu Feb 16 20:56:37 EST 2023, discarding tombstones prior to upper bound deletion horizon Wed Dec 31 19:00:00 EST 1969)... (kafka.log.LogCleaner)
[2023-02-16 21:46:36,948] INFO Cleaner 0: Cleaning LogSegment(baseOffset=0, size=104857562, lastModifiedTime=1676598997016, largestRecordTimestamp=Some(1676598997016)) in log __consumer_offsets-0 into 0 with an upper bound deletion horizon 0 computed from the segment last modified time of 1676598997016,retaining deletes. (kafka.log.LogCleaner)
[2023-02-16 21:46:37,232] INFO Cleaner 0: Swapping in cleaned segment LogSegment(baseOffset=0, size=642, lastModifiedTime=1676598997016, largestRecordTimestamp=Some(1676598997016)) for segment(s) List(LogSegment(baseOffset=0, size=104857562, lastModifiedTime=1676598997016, largestRecordTimestamp=Some(1676598997016))) in log Log(dir=C:\tmp\kafka-logs3\__consumer_offsets-0, topicId=q2Ilz05dR6qgB0d46xMGWA, topic=__consumer_offsets, partition=0, highWatermark=1164112, lastStableOffset=1164112, logStartOffset=0, logEndOffset=1164112) (kafka.log.LogCleaner)
[2023-02-16 21:46:37,245] INFO Cleaner 0: Beginning cleaning of log __consumer_offsets-0 (kafka.log.LogCleaner)
[2023-02-16 21:46:37,245] INFO Cleaner 0: Building offset map for __consumer_offsets-0... (kafka.log.LogCleaner)
[2023-02-16 21:47:05,671] INFO Starting the log cleaner (kafka.log.LogCleaner)
[2023-02-16 21:47:05,706] INFO [kafka-log-cleaner-thread-0]: Starting (kafka.log.LogCleaner)
[2023-02-16 21:47:12,245] INFO Starting the log cleaner (kafka.log.LogCleaner)
[2023-02-16 21:47:12,279] INFO [kafka-log-cleaner-thread-0]: Starting (kafka.log.LogCleaner)
[2023-02-16 21:53:31,038] INFO Starting the log cleaner (kafka.log.LogCleaner)
[2023-02-16 21:53:31,073] INFO [kafka-log-cleaner-thread-0]: Starting (kafka.log.LogCleaner)
[2023-02-16 21:53:46,098] INFO Cleaner 0: Beginning cleaning of log __consumer_offsets-0 (kafka.log.LogCleaner)
[2023-02-16 21:53:46,098] INFO Cleaner 0: Building offset map for __consumer_offsets-0... (kafka.log.LogCleaner)
[2023-02-16 21:53:46,120] INFO Cleaner 0: Building offset map for log __consumer_offsets-0 for 1 segments in offset range [0, 1163288). (kafka.log.LogCleaner)
[2023-02-16 21:53:46,485] INFO Cleaner 0: Offset map for log __consumer_offsets-0 complete. (kafka.log.LogCleaner)
[2023-02-16 21:53:46,486] INFO Cleaner 0: Cleaning log __consumer_offsets-0 (cleaning prior to Thu Feb 16 20:56:37 EST 2023, discarding tombstones prior to upper bound deletion horizon Wed Dec 31 19:00:00 EST 1969)... (kafka.log.LogCleaner)
[2023-02-16 21:53:46,490] INFO Cleaner 0: Cleaning LogSegment(baseOffset=0, size=104857562, lastModifiedTime=1676598997016, largestRecordTimestamp=Some(1676598997016)) in log __consumer_offsets-0 into 0 with an upper bound deletion horizon 0 computed from the segment last modified time of 1676598997016,retaining deletes. (kafka.log.LogCleaner)
[2023-02-16 21:53:46,797] INFO Cleaner 0: Swapping in cleaned segment LogSegment(baseOffset=0, size=642, lastModifiedTime=1676598997016, largestRecordTimestamp=Some(1676598997016)) for segment(s) List(LogSegment(baseOffset=0, size=104857562, lastModifiedTime=1676598997016, largestRecordTimestamp=Some(1676598997016))) in log Log(dir=C:\tmp\kafka-logs3\__consumer_offsets-0, topicId=q2Ilz05dR6qgB0d46xMGWA, topic=__consumer_offsets, partition=0, highWatermark=1164112, lastStableOffset=1164112, logStartOffset=0, logEndOffset=1164112) (kafka.log.LogCleaner)
[2023-02-16 21:53:46,812] INFO Cleaner 0: Beginning cleaning of log __consumer_offsets-0 (kafka.log.LogCleaner)
[2023-02-16 21:53:46,812] INFO Cleaner 0: Building offset map for __consumer_offsets-0... (kafka.log.LogCleaner)
[2023-02-16 21:53:56,434] INFO Starting the log cleaner (kafka.log.LogCleaner)
[2023-02-16 21:53:56,471] INFO [kafka-log-cleaner-thread-0]: Starting (kafka.log.LogCleaner)
[2023-02-16 21:54:01,975] INFO Starting the log cleaner (kafka.log.LogCleaner)
[2023-02-16 21:54:02,011] INFO [kafka-log-cleaner-thread-0]: Starting (kafka.log.LogCleaner)
[2023-02-16 21:57:40,665] INFO Starting the log cleaner (kafka.log.LogCleaner)
[2023-02-16 21:57:40,699] INFO [kafka-log-cleaner-thread-0]: Starting (kafka.log.LogCleaner)
[2023-02-17 15:38:15,088] INFO Starting the log cleaner (kafka.log.LogCleaner)
[2023-02-17 15:38:15,135] INFO [kafka-log-cleaner-thread-0]: Starting (kafka.log.LogCleaner)
[2023-02-17 15:38:15,624] INFO Shutting down the log cleaner. (kafka.log.LogCleaner)
[2023-02-17 15:38:15,624] INFO [kafka-log-cleaner-thread-0]: Shutting down (kafka.log.LogCleaner)
[2023-02-17 15:38:15,629] INFO [kafka-log-cleaner-thread-0]: Stopped (kafka.log.LogCleaner)
[2023-02-17 15:38:15,629] INFO [kafka-log-cleaner-thread-0]: Shutdown completed (kafka.log.LogCleaner)
[2023-02-17 15:38:21,717] INFO Starting the log cleaner (kafka.log.LogCleaner)
[2023-02-17 15:38:21,764] INFO [kafka-log-cleaner-thread-0]: Starting (kafka.log.LogCleaner)
[2023-02-17 15:38:22,154] INFO Shutting down the log cleaner. (kafka.log.LogCleaner)
[2023-02-17 15:38:22,154] INFO [kafka-log-cleaner-thread-0]: Shutting down (kafka.log.LogCleaner)
[2023-02-17 15:38:22,154] INFO [kafka-log-cleaner-thread-0]: Stopped (kafka.log.LogCleaner)
[2023-02-17 15:38:22,154] INFO [kafka-log-cleaner-thread-0]: Shutdown completed (kafka.log.LogCleaner)
[2023-02-17 15:38:25,031] INFO Starting the log cleaner (kafka.log.LogCleaner)
[2023-02-17 15:38:25,063] INFO [kafka-log-cleaner-thread-0]: Starting (kafka.log.LogCleaner)
[2023-02-17 15:38:42,587] INFO Starting the log cleaner (kafka.log.LogCleaner)
[2023-02-17 15:38:42,623] INFO [kafka-log-cleaner-thread-0]: Starting (kafka.log.LogCleaner)
[2023-02-17 15:38:53,216] INFO Starting the log cleaner (kafka.log.LogCleaner)
[2023-02-17 15:38:53,252] INFO [kafka-log-cleaner-thread-0]: Starting (kafka.log.LogCleaner)
[2023-02-17 15:43:00,049] INFO Starting the log cleaner (kafka.log.LogCleaner)
[2023-02-17 15:43:00,085] INFO [kafka-log-cleaner-thread-0]: Starting (kafka.log.LogCleaner)
[2023-02-17 15:43:28,437] INFO Starting the log cleaner (kafka.log.LogCleaner)
[2023-02-17 15:43:28,474] INFO [kafka-log-cleaner-thread-0]: Starting (kafka.log.LogCleaner)
[2023-02-17 15:43:36,217] INFO Starting the log cleaner (kafka.log.LogCleaner)
[2023-02-17 15:43:36,250] INFO [kafka-log-cleaner-thread-0]: Starting (kafka.log.LogCleaner)
